<?xml version="1.0" encoding="UTF-8"?>
<!-- Generated by org.testng.reporters.JUnitXMLReporter -->
<testsuite ignored="0" hostname="WIN-NF51SIC44K4" failures="0" tests="14" name="Command line test" time="0.136" errors="0" timestamp="2022-04-25T20:00:18 YEKT">
  <testcase classname="KthlLargestTest" name="testKthlLargestHappyPatch" time="0.015"/>
  <testcase classname="KthlLargestTest" name="testKthlLargestNegativInd" time="0.001"/>
  <testcase classname="KthlLargestTest" name="testKthlLargestNullArrLength" time="0.001"/>
  <testcase classname="NegativOnTheRightTest" name="testNegativOnTheRightHappyPatch" time="0.004"/>
  <testcase classname="NumberOccurrencesTest" name="testNumberOccurrencesHappyPatch" time="0.002"/>
  <testcase classname="SortArrayTest" name="testSortArrayHappyPatch" time="0.002"/>
  <testcase classname="SortArrayTest" name="testSortArrayNull" time="0.001"/>
  <testcase classname="SumOfTwoTest" name="testSumOfTwoHappyPatch" time="0.002"/>
  <testcase classname="UtilsTest" name="testIntersection" time="0.002"/>
  <testcase classname="UtilsTest" name="testMinMaxAve" time="0.001"/>
  <testcase classname="UtilsTest" name="testPeakElement" time="0.001"/>
  <testcase classname="UtilsTest" name="testReverseArray" time="0.001"/>
  <testcase classname="UtilsTest" name="testSearshIndInt" time="0.0"/>
  <testcase classname="UtilsTest" name="testSearshIndString" time="0.001"/>
</testsuite> <!-- Command line test -->
