<?xml version="1.0" encoding="UTF-8"?>
<testng-results ignored="0" total="14" passed="14" failed="0" skipped="0">
  <reporter-output>
  </reporter-output>
  <suite started-at="2022-04-25T20:00:17 YEKT" name="Command line suite" finished-at="2022-04-25T20:00:17 YEKT" duration-ms="136">
    <groups>
    </groups>
    <test started-at="2022-04-25T20:00:17 YEKT" name="Command line test" finished-at="2022-04-25T20:00:17 YEKT" duration-ms="136">
      <class name="NegativOnTheRightTest">
        <test-method signature="testNegativOnTheRightHappyPatch()[pri:0, instance:NegativOnTheRightTest@b9afc07]" started-at="2022-04-25T20:00:17 YEKT" name="testNegativOnTheRightHappyPatch" finished-at="2022-04-25T20:00:17 YEKT" duration-ms="4" status="PASS">
          <reporter-output>
          </reporter-output>
        </test-method> <!-- testNegativOnTheRightHappyPatch -->
      </class> <!-- NegativOnTheRightTest -->
      <class name="UtilsTest">
        <test-method signature="testIntersection()[pri:0, instance:UtilsTest@5427c60c]" started-at="2022-04-25T20:00:17 YEKT" name="testIntersection" finished-at="2022-04-25T20:00:17 YEKT" duration-ms="2" status="PASS">
          <reporter-output>
          </reporter-output>
        </test-method> <!-- testIntersection -->
        <test-method signature="testMinMaxAve()[pri:0, instance:UtilsTest@5427c60c]" started-at="2022-04-25T20:00:17 YEKT" name="testMinMaxAve" finished-at="2022-04-25T20:00:17 YEKT" duration-ms="1" status="PASS">
          <reporter-output>
          </reporter-output>
        </test-method> <!-- testMinMaxAve -->
        <test-method signature="testPeakElement()[pri:0, instance:UtilsTest@5427c60c]" started-at="2022-04-25T20:00:17 YEKT" name="testPeakElement" finished-at="2022-04-25T20:00:17 YEKT" duration-ms="1" status="PASS">
          <reporter-output>
          </reporter-output>
        </test-method> <!-- testPeakElement -->
        <test-method signature="testReverseArray()[pri:0, instance:UtilsTest@5427c60c]" started-at="2022-04-25T20:00:17 YEKT" name="testReverseArray" finished-at="2022-04-25T20:00:17 YEKT" duration-ms="1" status="PASS">
          <reporter-output>
          </reporter-output>
        </test-method> <!-- testReverseArray -->
        <test-method signature="testSearshIndInt()[pri:0, instance:UtilsTest@5427c60c]" started-at="2022-04-25T20:00:17 YEKT" name="testSearshIndInt" finished-at="2022-04-25T20:00:17 YEKT" duration-ms="0" status="PASS">
          <reporter-output>
          </reporter-output>
        </test-method> <!-- testSearshIndInt -->
        <test-method signature="testSearshIndString()[pri:0, instance:UtilsTest@5427c60c]" started-at="2022-04-25T20:00:17 YEKT" name="testSearshIndString" finished-at="2022-04-25T20:00:17 YEKT" duration-ms="1" status="PASS">
          <reporter-output>
          </reporter-output>
        </test-method> <!-- testSearshIndString -->
      </class> <!-- UtilsTest -->
      <class name="SumOfTwoTest">
        <test-method signature="testSumOfTwoHappyPatch()[pri:0, instance:SumOfTwoTest@80169cf]" started-at="2022-04-25T20:00:17 YEKT" name="testSumOfTwoHappyPatch" finished-at="2022-04-25T20:00:17 YEKT" duration-ms="2" status="PASS">
          <reporter-output>
          </reporter-output>
        </test-method> <!-- testSumOfTwoHappyPatch -->
      </class> <!-- SumOfTwoTest -->
      <class name="SortArrayTest">
        <test-method signature="testSortArrayHappyPatch()[pri:0, instance:SortArrayTest@73d4cc9e]" started-at="2022-04-25T20:00:17 YEKT" name="testSortArrayHappyPatch" finished-at="2022-04-25T20:00:17 YEKT" duration-ms="2" status="PASS">
          <reporter-output>
          </reporter-output>
        </test-method> <!-- testSortArrayHappyPatch -->
        <test-method signature="testSortArrayNull()[pri:0, instance:SortArrayTest@73d4cc9e]" started-at="2022-04-25T20:00:17 YEKT" name="testSortArrayNull" finished-at="2022-04-25T20:00:17 YEKT" duration-ms="1" status="PASS">
          <reporter-output>
          </reporter-output>
        </test-method> <!-- testSortArrayNull -->
      </class> <!-- SortArrayTest -->
      <class name="NumberOccurrencesTest">
        <test-method signature="testNumberOccurrencesHappyPatch()[pri:0, instance:NumberOccurrencesTest@382db087]" started-at="2022-04-25T20:00:17 YEKT" name="testNumberOccurrencesHappyPatch" finished-at="2022-04-25T20:00:17 YEKT" duration-ms="2" status="PASS">
          <reporter-output>
          </reporter-output>
        </test-method> <!-- testNumberOccurrencesHappyPatch -->
      </class> <!-- NumberOccurrencesTest -->
      <class name="KthlLargestTest">
        <test-method signature="testKthlLargestHappyPatch()[pri:0, instance:KthlLargestTest@134593bf]" started-at="2022-04-25T20:00:17 YEKT" name="testKthlLargestHappyPatch" finished-at="2022-04-25T20:00:17 YEKT" duration-ms="15" status="PASS">
          <reporter-output>
          </reporter-output>
        </test-method> <!-- testKthlLargestHappyPatch -->
        <test-method signature="testKthlLargestNegativInd()[pri:0, instance:KthlLargestTest@134593bf]" started-at="2022-04-25T20:00:17 YEKT" name="testKthlLargestNegativInd" finished-at="2022-04-25T20:00:17 YEKT" duration-ms="1" status="PASS">
          <reporter-output>
          </reporter-output>
        </test-method> <!-- testKthlLargestNegativInd -->
        <test-method signature="testKthlLargestNullArrLength()[pri:0, instance:KthlLargestTest@134593bf]" started-at="2022-04-25T20:00:17 YEKT" name="testKthlLargestNullArrLength" finished-at="2022-04-25T20:00:17 YEKT" duration-ms="1" status="PASS">
          <reporter-output>
          </reporter-output>
        </test-method> <!-- testKthlLargestNullArrLength -->
      </class> <!-- KthlLargestTest -->
    </test> <!-- Command line test -->
  </suite> <!-- Command line suite -->
</testng-results>
