<?xml version="1.0" encoding="UTF-8" ?>
<testsuite tests="6" failures="0" name="LogicTest" time="0.016" errors="0" skipped="0">
  <properties>
[...]
</properties>
  <testcase classname="LogicTest" name="testIntersection" time="0.016"/>
  <testcase classname="LogicTest" name="testMinMaxAve" time="0"/>
  <testcase classname="LogicTest" name="testPeakElement" time="0"/>
  <testcase classname="LogicTest" name="testReverseArray" time="0"/>
  <testcase classname="LogicTest" name="testSearshIndInt" time="0"/>
  <testcase classname="LogicTest" name="testSearshIndString" time="0"/>
</testsuite>