<?xml version="1.0" encoding="UTF-8"?>
<!-- Generated by org.testng.reporters.JUnitXMLReporter -->
<testsuite ignored="0" hostname="WIN-NF51SIC44K4" failures="0" tests="6" name="Command line test" time="0.109" errors="0" timestamp="2022-04-24T19:23:08 YEKT">
  <testcase classname="LogicTest" name="testIntersection" time="0.016"/>
  <testcase classname="LogicTest" name="testMinMaxAve" time="0.0"/>
  <testcase classname="LogicTest" name="testPeakElement" time="0.0"/>
  <testcase classname="LogicTest" name="testReverseArray" time="0.0"/>
  <testcase classname="LogicTest" name="testSearshIndInt" time="0.0"/>
  <testcase classname="LogicTest" name="testSearshIndString" time="0.0"/>
</testsuite> <!-- Command line test -->
